Using pre-set license
Built from '2020.3/staging' branch; Version is '2020.3.10f1 (297d780c91bc) revision 2719096'; Using compiler version '192528614'; Build Type 'Release'
OS: 'Windows 10 Home; OS build 19043.1706; Version 2009; 64bit' Language: 'en' Physical Memory: 16226 MB
BatchMode: 1, IsHumanControllingUs: 0, StartBugReporterOnCrash: 0, Is64bit: 1, IsPro: 0

 COMMAND LINE ARGUMENTS:
C:\Program Files\Unity\Hub\Editor\2020.3.10f1\Editor\Unity.exe
-adb2
-batchMode
-noUpm
-name
AssetImportWorker0
-projectPath
C:/Users/sammy/OneDrive/Terrain Simulation
-logFile
Logs/AssetImportWorker0.log
-srvPort
49550
Successfully changed project path to: C:/Users/sammy/OneDrive/Terrain Simulation
C:/Users/sammy/OneDrive/Terrain Simulation
Using Asset Import Pipeline V2.
Refreshing native plugins compatible for Editor in 36.50 ms, found 2 plugins.
Preloading 0 native plugins for Editor in 0.00 ms.
Initialize engine version: 2020.3.10f1 (297d780c91bc)
[Subsystems] Discovering subsystems at path C:/Program Files/Unity/Hub/Editor/2020.3.10f1/Editor/Data/Resources/UnitySubsystems
[Subsystems] Discovering subsystems at path C:/Users/sammy/OneDrive/Terrain Simulation/Assets
GfxDevice: creating device client; threaded=0
Direct3D:
    Version:  Direct3D 11.0 [level 11.1]
    Renderer: NVIDIA GeForce GTX 1660 Ti (ID=0x2191)
    Vendor:   
    VRAM:     5991 MB
    Driver:   27.21.14.6079
Initialize mono
Mono path[0] = 'C:/Program Files/Unity/Hub/Editor/2020.3.10f1/Editor/Data/Managed'
Mono path[1] = 'C:/Program Files/Unity/Hub/Editor/2020.3.10f1/Editor/Data/MonoBleedingEdge/lib/mono/unityjit'
Mono config path = 'C:/Program Files/Unity/Hub/Editor/2020.3.10f1/Editor/Data/MonoBleedingEdge/etc'
Using monoOptions --debugger-agent=transport=dt_socket,embedding=1,server=y,suspend=n,address=127.0.0.1:56388
Begin MonoManager ReloadAssembly
Registering precompiled unity dll's ...
Register platform support module: C:/Program Files/Unity/Hub/Editor/2020.3.10f1/Editor/Data/PlaybackEngines/WebGLSupport/UnityEditor.WebGL.Extensions.dll
Register platform support module: C:/Program Files/Unity/Hub/Editor/2020.3.10f1/Editor/Data/PlaybackEngines/MacStandaloneSupport/UnityEditor.OSXStandalone.Extensions.dll
Register platform support module: C:/Program Files/Unity/Hub/Editor/2020.3.10f1/Editor/Data/PlaybackEngines/WindowsStandaloneSupport/UnityEditor.WindowsStandalone.Extensions.dll
Register platform support module: C:/Program Files/Unity/Hub/Editor/2020.3.10f1/Editor/Data/PlaybackEngines/LinuxStandaloneSupport/UnityEditor.LinuxStandalone.Extensions.dll
Registered in 0.004916 seconds.
Native extension for LinuxStandalone target not found
Native extension for WindowsStandalone target not found
Native extension for OSXStandalone target not found
Native extension for WebGL target not found
Refreshing native plugins compatible for Editor in 33.36 ms, found 2 plugins.
Preloading 0 native plugins for Editor in 0.00 ms.
Mono: successfully reloaded assembly
- Completed reload, in  1.611 seconds
Platform modules already initialized, skipping
Registering precompiled user dll's ...
Registered in 0.005294 seconds.
Begin MonoManager ReloadAssembly
Native extension for LinuxStandalone target not found
Native extension for WindowsStandalone target not found
Native extension for OSXStandalone target not found
Native extension for WebGL target not found
Refreshing native plugins compatible for Editor in 0.33 ms, found 2 plugins.
Preloading 0 native plugins for Editor in 0.00 ms.
Mono: successfully reloaded assembly
- Completed reload, in  1.262 seconds
Platform modules already initialized, skipping
========================================================================
Worker process is ready to serve import requests
Launched and connected shader compiler UnityShaderCompiler.exe after 0.04 seconds
Refreshing native plugins compatible for Editor in 0.30 ms, found 2 plugins.
Preloading 0 native plugins for Editor in 0.00 ms.
Unloading 1386 Unused Serialized files (Serialized files now loaded: 0)
System memory in use before: 64.7 MB.
System memory in use after: 64.7 MB.

Unloading 19 unused Assets to reduce memory usage. Loaded Objects now: 1819.
Total: 2.123200 ms (FindLiveObjects: 0.139900 ms CreateObjectMapping: 0.042500 ms MarkObjects: 1.828800 ms  DeleteObjects: 0.111000 ms)

========================================================================
Received Import Request.
  path: Assets/Materials
  artifactKey: Guid(ff2108198553152499f772f0c4ab6a62) Importer(815301076,1909f56bfc062723c751e8b465ee728b)
Start importing Assets/Materials using Guid(ff2108198553152499f772f0c4ab6a62) Importer(815301076,1909f56bfc062723c751e8b465ee728b)  -> (artifact id: 'b383dc43fac75c72517d2eac51469f02') in 0.008511 seconds
  Import took 0.010898 seconds .

========================================================================
Received Import Request.
  Time since last request: 10.741403 seconds.
  path: Assets/Materials/Grass.mat
  artifactKey: Guid(275a724e5279bde4b9da072965afb83e) Importer(815301076,1909f56bfc062723c751e8b465ee728b)
Start importing Assets/Materials/Grass.mat using Guid(275a724e5279bde4b9da072965afb83e) Importer(815301076,1909f56bfc062723c751e8b465ee728b)  -> (artifact id: '038002692011f2ffddee27cda884a778') in 0.130116 seconds
  Import took 0.132340 seconds .

========================================================================
Received Import Request.
  Time since last request: 37.451226 seconds.
  path: Assets/Materials/Forest.mat
  artifactKey: Guid(546bef52c491eca43bd9dafe8d359fe8) Importer(815301076,1909f56bfc062723c751e8b465ee728b)
Start importing Assets/Materials/Forest.mat using Guid(546bef52c491eca43bd9dafe8d359fe8) Importer(815301076,1909f56bfc062723c751e8b465ee728b)  -> (artifact id: '33091876b5595ab866b699b77ee64b1a') in 0.017005 seconds
  Import took 0.019370 seconds .

========================================================================
Received Import Request.
  Time since last request: 20.959210 seconds.
  path: Assets/Materials/Desert.mat
  artifactKey: Guid(de7ccb488bf5cae4b8973908561a00f0) Importer(815301076,1909f56bfc062723c751e8b465ee728b)
Start importing Assets/Materials/Desert.mat using Guid(de7ccb488bf5cae4b8973908561a00f0) Importer(815301076,1909f56bfc062723c751e8b465ee728b)  -> (artifact id: '4b33b050c756450721c2b09d79fc94c2') in 0.012699 seconds
  Import took 0.015452 seconds .

========================================================================
Received Import Request.
  Time since last request: 33.409825 seconds.
  path: Assets/Materials/Ocean.mat
  artifactKey: Guid(39ab40c4a10e3e043bb0575d61668f2f) Importer(815301076,1909f56bfc062723c751e8b465ee728b)
Start importing Assets/Materials/Ocean.mat using Guid(39ab40c4a10e3e043bb0575d61668f2f) Importer(815301076,1909f56bfc062723c751e8b465ee728b)  -> (artifact id: 'a1f23a1cbe617d141da16c2036d2a591') in 0.012726 seconds
  Import took 0.016804 seconds .

========================================================================
Received Import Request.
  Time since last request: 9.757701 seconds.
  path: Assets/Materials/Sea.mat
  artifactKey: Guid(39ab40c4a10e3e043bb0575d61668f2f) Importer(815301076,1909f56bfc062723c751e8b465ee728b)
Start importing Assets/Materials/Sea.mat using Guid(39ab40c4a10e3e043bb0575d61668f2f) Importer(815301076,1909f56bfc062723c751e8b465ee728b)  -> (artifact id: '39e08216097a34722f0b6a44d5b10aa1') in 0.012011 seconds
  Import took 0.014753 seconds .

========================================================================
Received Import Request.
  Time since last request: 32.081568 seconds.
  path: Assets/Materials/Fresh Water.mat
  artifactKey: Guid(3710bbf0f0c547c48a54f8f4960e98a1) Importer(815301076,1909f56bfc062723c751e8b465ee728b)
Start importing Assets/Materials/Fresh Water.mat using Guid(3710bbf0f0c547c48a54f8f4960e98a1) Importer(815301076,1909f56bfc062723c751e8b465ee728b)  -> (artifact id: '10e9a583da8a17c3bdfb7b04b42a245b') in 0.014670 seconds
  Import took 0.017529 seconds .

========================================================================
Received Import Request.
  Time since last request: 74.681570 seconds.
  path: Assets/New Prefab.prefab
  artifactKey: Guid(a907076fec4ac344d9bb38753db7c191) Importer(815301076,1909f56bfc062723c751e8b465ee728b)
Start importing Assets/New Prefab.prefab using Guid(a907076fec4ac344d9bb38753db7c191) Importer(815301076,1909f56bfc062723c751e8b465ee728b)  -> (artifact id: '81602c390e928fe9aa70ca8067d10bfd') in 0.016447 seconds
  Import took 0.019774 seconds .

========================================================================
Received Import Request.
  Time since last request: 8.467969 seconds.
  path: Assets/Prefabs
  artifactKey: Guid(2113585ed72f40c4aa32f1f7cb393799) Importer(815301076,1909f56bfc062723c751e8b465ee728b)
Start importing Assets/Prefabs using Guid(2113585ed72f40c4aa32f1f7cb393799) Importer(815301076,1909f56bfc062723c751e8b465ee728b)  -> (artifact id: '3e02e9bf09a4f0c109b75b8570b44172') in 0.005447 seconds
  Import took 0.007713 seconds .

========================================================================
Received Import Request.
  Time since last request: 2.342382 seconds.
  path: Assets/Prefabs/Tile.prefab
  artifactKey: Guid(293e63ce735920844afb89a1c09df3bd) Importer(815301076,1909f56bfc062723c751e8b465ee728b)
Start importing Assets/Prefabs/Tile.prefab using Guid(293e63ce735920844afb89a1c09df3bd) Importer(815301076,1909f56bfc062723c751e8b465ee728b)  -> (artifact id: 'ade77cc16bfcf3f147333a0cbb799370') in 0.018366 seconds
  Import took 0.020931 seconds .

========================================================================
Received Import Request.
  Time since last request: 0.017478 seconds.
  path: Assets/Prefabs/Tile.prefab
  artifactKey: Guid(293e63ce735920844afb89a1c09df3bd) Importer(815301076,1909f56bfc062723c751e8b465ee728b)
Start importing Assets/Prefabs/Tile.prefab using Guid(293e63ce735920844afb89a1c09df3bd) Importer(815301076,1909f56bfc062723c751e8b465ee728b)  -> (artifact id: 'ade77cc16bfcf3f147333a0cbb799370') in 0.008496 seconds
  Import took 0.010837 seconds .

========================================================================
Received Import Request.
  Time since last request: 16.041690 seconds.
  path: Assets/Scripts/Generation.cs
  artifactKey: Guid(49834b6d98adcf24ca03f74b82a68833) Importer(815301076,1909f56bfc062723c751e8b465ee728b)
Start importing Assets/Scripts/Generation.cs using Guid(49834b6d98adcf24ca03f74b82a68833) Importer(815301076,1909f56bfc062723c751e8b465ee728b)  -> (artifact id: '55255f6de8bca332a89ba3e5a098b72e') in 0.015534 seconds
  Import took 0.018783 seconds .

========================================================================
Received Import Request.
  Time since last request: 0.001751 seconds.
  path: Assets/Scripts/Generation.cs
  artifactKey: Guid(49834b6d98adcf24ca03f74b82a68833) Importer(815301076,1909f56bfc062723c751e8b465ee728b)
Start importing Assets/Scripts/Generation.cs using Guid(49834b6d98adcf24ca03f74b82a68833) Importer(815301076,1909f56bfc062723c751e8b465ee728b)  -> (artifact id: '55255f6de8bca332a89ba3e5a098b72e') in 0.002284 seconds
  Import took 0.004782 seconds .

========================================================================
Received Prepare
Registering precompiled user dll's ...
Registered in 0.005500 seconds.
Begin MonoManager ReloadAssembly
Native extension for LinuxStandalone target not found
Native extension for WindowsStandalone target not found
Native extension for OSXStandalone target not found
Native extension for WebGL target not found
Refreshing native plugins compatible for Editor in 0.35 ms, found 2 plugins.
Preloading 0 native plugins for Editor in 0.00 ms.
Mono: successfully reloaded assembly
- Completed reload, in  1.155 seconds
Platform modules already initialized, skipping
Refreshing native plugins compatible for Editor in 0.29 ms, found 2 plugins.
Preloading 0 native plugins for Editor in 0.00 ms.
Unloading 1382 Unused Serialized files (Serialized files now loaded: 0)
System memory in use before: 68.0 MB.
System memory in use after: 68.1 MB.

Unloading 14 unused Assets to reduce memory usage. Loaded Objects now: 1864.
Total: 2.167400 ms (FindLiveObjects: 0.181900 ms CreateObjectMapping: 0.041000 ms MarkObjects: 1.887000 ms  DeleteObjects: 0.056600 ms)

========================================================================
Received Import Request.
  Time since last request: 240.771133 seconds.
  path: Assets/Materials/New Flare.flare
  artifactKey: Guid(988d0479b8f1b9049a6494b92c3d3af1) Importer(815301076,1909f56bfc062723c751e8b465ee728b)
Start importing Assets/Materials/New Flare.flare using Guid(988d0479b8f1b9049a6494b92c3d3af1) Importer(815301076,1909f56bfc062723c751e8b465ee728b)  -> (artifact id: '69f8cc8cf08cb8b183cbd5de9819559c') in 0.018247 seconds
  Import took 0.021703 seconds .

========================================================================
Received Import Request.
  Time since last request: 0.001309 seconds.
  path: Assets/Materials/New Flare.flare
  artifactKey: Guid(988d0479b8f1b9049a6494b92c3d3af1) Importer(815301076,1909f56bfc062723c751e8b465ee728b)
Start importing Assets/Materials/New Flare.flare using Guid(988d0479b8f1b9049a6494b92c3d3af1) Importer(815301076,1909f56bfc062723c751e8b465ee728b)  -> (artifact id: '69f8cc8cf08cb8b183cbd5de9819559c') in 0.003039 seconds
  Import took 0.006599 seconds .

========================================================================
Received Import Request.
  Time since last request: 10.618295 seconds.
  path: Assets/Materials/Mountain.mat
  artifactKey: Guid(fa797ce9dc8acc141a2f2a375b6b78fe) Importer(815301076,1909f56bfc062723c751e8b465ee728b)
Start importing Assets/Materials/Mountain.mat using Guid(fa797ce9dc8acc141a2f2a375b6b78fe) Importer(815301076,1909f56bfc062723c751e8b465ee728b)  -> (artifact id: '46c0107b794cc031005b6bf5b238c1c0') in 0.052212 seconds
  Import took 0.055485 seconds .

AssetImportWorkerClient::OnTransportError - code=2 error=End of file
